<xml xmlns="http://www.berlinonline.de/#xmlify" xmlns:xlink="http://www.w3.org/1999/xlink"><messages><messages/><success/></messages><results><count>90</count><items_per_page/></results><index type="array"><item original="0"><id>1</id><traeger><![CDATA[BOOT e.V.]]></traeger><region><![CDATA[Hellersdorf-Nord]]></region><einrichtung><![CDATA[Kita "Haus Lach und Krach"]]></einrichtung><anschrift><![CDATA[Suhler Straße 43/ 45]]></anschrift><ort><![CDATA[12629 Berlin]]></ort><ansprechpartner><![CDATA[Frau Schadow]]></ansprechpartner><telefon><![CDATA[(030) 5618004]]></telefon><fax><![CDATA[(030) 70725924]]></fax><e_mail><![CDATA[lachundkrach@bootkitas.de]]></e_mail><homepage><![CDATA[www.bootkitas.de/lachundkrach/lachundkrach.html]]></homepage><angebote><![CDATA[Integration von behinderten und nicht behinderten Kindern, kitaintegriertes Sprachförderprogramm: Handlung und Sprache, musische Erziehung und diverse Kreativangebote z. B. Töpferwerkstatt, Sauna]]></angebote><plaetze><![CDATA[153 Plätze]]></plaetze><integrations><![CDATA[12 - 16  Plätze]]></integrations><altersgruppe><![CDATA[von acht Wochen bis zum Schuleintritt]]></altersgruppe><bekoestigung><![CDATA[selbstkochende Kita und Vollverpflegung]]></bekoestigung><montag><![CDATA[06:00 - 18:00]]></montag><dienstag><![CDATA[06:00 - 18:00]]></dienstag><mittwoch><![CDATA[06:00 - 18:00]]></mittwoch><donnerstag><![CDATA[06:00 - 18:00]]></donnerstag><freitag><![CDATA[06:00 - 18:00]]></freitag><bild><![CDATA[118.jpg]]></bild></item><item original="1"><id>3</id><traeger><![CDATA[Kindergärten NordOst – Eigenbetrieb von Berlin]]></traeger><region><![CDATA[Hellersdorf-Nord]]></region><einrichtung><![CDATA[Kita "Traumzauberhaus"]]></einrichtung><anschrift><![CDATA[Teupitzer Straße 10/ 12]]></anschrift><ort><![CDATA[12627 Berlin]]></ort><ansprechpartner><![CDATA[Frau Krüger]]></ansprechpartner><telefon><![CDATA[(030) 9939074]]></telefon><fax><![CDATA[(030) 99279368]]></fax><e_mail><![CDATA[kindergarten.teupitzer-strasse@kigaeno.de]]></e_mail><homepage><![CDATA[www.kigaeno.de/unsere-kindergaerten/kindergarten-liste/hellersdorf-kaulsdorf-mahlsdorf/teupitzer-strasse/]]></homepage><angebote><![CDATA[Integration von behinderten und nicht behinderten Kindern, besondere Projekte zur Sprachförderung, Bewegungserziehung, Forschen und Experimentieren]]></angebote><plaetze><![CDATA[185 Plätze]]></plaetze><integrations><![CDATA[16 Plätze]]></integrations><altersgruppe><![CDATA[von acht Wochen bis zum Schuleintritt]]></altersgruppe><bekoestigung><![CDATA[selbstkochende Kita]]></bekoestigung><montag><![CDATA[06:00 - 18:00]]></montag><dienstag><![CDATA[06:00 - 18:00]]></dienstag><mittwoch><![CDATA[06:00 - 18:00]]></mittwoch><donnerstag><![CDATA[06:00 - 18:00]]></donnerstag><freitag><![CDATA[06:00 - 18:00]]></freitag><bild><![CDATA[0.jpg]]></bild></item><item original="2"><id>5</id><traeger><![CDATA[Kindergärten NordOst – Eigenbetrieb von Berlin]]></traeger><region><![CDATA[Hellersdorf-Nord]]></region><einrichtung><![CDATA[Kita "Micky Maus"]]></einrichtung><anschrift><![CDATA[Weißenfelser Straße 31/ 33]]></anschrift><ort><![CDATA[12627 Berlin]]></ort><ansprechpartner><![CDATA[Frau Kloos]]></ansprechpartner><telefon><![CDATA[(030) 9911052]]></telefon><fax><![CDATA[(03221) 1156109]]></fax><e_mail><![CDATA[kindergarten.weissenfelser-strasse@kigaeno.de]]></e_mail><homepage><![CDATA[www.84kita.de]]></homepage><angebote><![CDATA[Zertifizierung „Bewegungsfreundliche Kita“, besondere Projekte zur Sprachförderung, gesundheitsbewusste Erziehung, Medienpädagogik]]></angebote><plaetze><![CDATA[180 Plätze]]></plaetze><integrations></integrations><altersgruppe><![CDATA[von unter einem Jahr bis zum Schuleintritt]]></altersgruppe><bekoestigung><![CDATA[selbstkochende Kita]]></bekoestigung><montag><![CDATA[06:00 - 18:00]]></montag><dienstag><![CDATA[06:00 - 18:00]]></dienstag><mittwoch><![CDATA[06:00 - 18:00]]></mittwoch><donnerstag><![CDATA[06:00 - 18:00]]></donnerstag><freitag><![CDATA[06:00 - 18:00]]></freitag><bild><![CDATA[131.jpg]]></bild></item><item original="3"><id>7</id><traeger><![CDATA[pad e.V.]]></traeger><region><![CDATA[Hellersdorf-Nord]]></region><einrichtung><![CDATA[Kita "Kastanienknirpse"]]></einrichtung><anschrift><![CDATA[Kastanienallee 53]]></anschrift><ort><![CDATA[12627 Berlin]]></ort><ansprechpartner><![CDATA[Frau Sonntag]]></ansprechpartner><telefon><![CDATA[(030) 99274267]]></telefon><fax><![CDATA[(030) 93554041]]></fax><e_mail><![CDATA[kastanienknirpse@padev.de]]></e_mail><homepage><![CDATA[www.padev.de]]></homepage><angebote><![CDATA[keine Angaben]]></angebote><plaetze><![CDATA[40 Plätze]]></plaetze><integrations></integrations><altersgruppe><![CDATA[von einem Jahr bis zum Schuleintritt]]></altersgruppe><bekoestigung><![CDATA[Vollverpflegung]]></bekoestigung><montag><![CDATA[06:00 - 18:00]]></montag><dienstag><![CDATA[06:00 - 18:00]]></dienstag><mittwoch><![CDATA[06:00 - 18:00]]></mittwoch><donnerstag><![CDATA[06:00 - 18:00]]></donnerstag><freitag><![CDATA[06:00 - 18:00]]></freitag><bild><![CDATA[177.jpg]]></bild></item></index><item/></xml>