<?xml version="1.0" encoding="utf-8" ?><rss version="2.0" xml:base="http://daten.berlin.de/datensaetze" xmlns:dc="http://purl.org/dc/elements/1.1/" xmlns:content="http://purl.org/rss/1.0/modules/content/" xmlns:foaf="http://xmlns.com/foaf/0.1/" xmlns:og="http://ogp.me/ns#" xmlns:rdfs="http://www.w3.org/2000/01/rdf-schema#" xmlns:sioc="http://rdfs.org/sioc/ns#" xmlns:sioct="http://rdfs.org/sioc/types#" xmlns:skos="http://www.w3.org/2004/02/skos/core#" xmlns:xsd="http://www.w3.org/2001/XMLSchema#" xmlns:rdf="http://www.w3.org/1999/02/22-rdf-syntax-ns#" xmlns:owl="http://www.w3.org/2002/07/owl#">
  <channel>
    <title>Open Data Berlin: Datensätze</title>
    <link>http://daten.berlin.de/datensaetze</link>
    <description></description>
    <language>de</language>
          <item>
    <title>Berliner Wochen- und Troedelmaerkte 2013</title>
    <link>http://daten.berlin.de/datensaetze/berliner-wochen-und-tr%C3%B6delm%C3%A4rkte-2013</link>
    <description>Wochenmarkt, Troedelmarkt, Flohmarkt, Antikmarkt</description>
     <pubDate>Thu, 20 Mar 2014 01:00:00 +0100</pubDate>
 <dc:creator>&lt;a href=&quot;/ver%C3%B6ffentlichende-stelle/senatsverwaltung-f%C3%BCr-wirtschaft-technologie-und-forschung&quot; typeof=&quot;skos:Concept&quot; property=&quot;rdfs:label skos:prefLabel&quot;&gt;Senatsverwaltung für Wirtschaft, Technologie und Forschung&lt;/a&gt;</dc:creator>
 <guid isPermaLink="false" />
  </item>
  </channel>
</rss>
